[13:28:42] [Client thread/INFO]: Setting user: Player796
[13:28:43] [Client thread/INFO]: [OptiFine] *** Reflector Forge ***
[13:28:43] [Client thread/INFO]: [OptiFine] (Reflector) Class not present: net.minecraftforge.client.model.Attributes
[13:28:43] [Client thread/INFO]: [OptiFine] (Reflector) Class not present: mods.betterfoliage.client.BetterFoliageClient
[13:28:43] [Client thread/INFO]: [OptiFine] (Reflector) Class not present: net.minecraftforge.fml.common.asm.transformers.BlamingTransformer
[13:28:43] [Client thread/INFO]: [OptiFine] (Reflector) Class not present: net.minecraftforge.event.world.ChunkWatchEvent$UnWatch
[13:28:43] [Client thread/INFO]: [OptiFine] (Reflector) Class not present: net.minecraftforge.fml.relauncher.CoreModManager
[13:28:43] [Client thread/INFO]: [OptiFine] (Reflector) Class not present: net.minecraftforge.common.DimensionManager
[13:28:43] [Client thread/INFO]: [OptiFine] (Reflector) Class not present: net.minecraftforge.client.event.GuiScreenEvent$DrawScreenEvent$Pre
[13:28:43] [Client thread/INFO]: [OptiFine] (Reflector) Class not present: net.minecraftforge.client.event.GuiScreenEvent$DrawScreenEvent$Post
[13:28:43] [Client thread/INFO]: [OptiFine] (Reflector) Class not present: net.minecraftforge.client.event.EntityViewRenderEvent$CameraSetup
[13:28:43] [Client thread/INFO]: [OptiFine] (Reflector) Class not present: net.minecraftforge.client.event.EntityViewRenderEvent$FogColors
[13:28:43] [Client thread/INFO]: [OptiFine] (Reflector) Class not present: net.minecraftforge.client.event.EntityViewRenderEvent$RenderFogEvent
[13:28:43] [Client thread/INFO]: [OptiFine] (Reflector) Class not present: net.minecraftforge.fml.common.eventhandler.Event
[13:28:43] [Client thread/INFO]: [OptiFine] (Reflector) Class not present: net.minecraftforge.fml.common.eventhandler.EventBus
[13:28:43] [Client thread/INFO]: [OptiFine] (Reflector) Class not present: net.minecraftforge.fml.common.eventhandler.Event$Result
[13:28:43] [Client thread/INFO]: [OptiFine] (Reflector) Class not present: net.minecraftforge.common.property.ExtendedBlockState
[13:28:43] [Client thread/INFO]: [OptiFine] (Reflector) Class not present: net.minecraftforge.fml.client.FMLClientHandler
[13:28:43] [Client thread/INFO]: [OptiFine] (Reflector) Class not present: net.minecraftforge.fml.common.FMLCommonHandler
[13:28:43] [Client thread/INFO]: [OptiFine] (Reflector) Method not present: net.minecraft.world.biome.Biome.getWaterColorMultiplier
[13:28:43] [Client thread/INFO]: [OptiFine] (Reflector) Method not present: net.minecraft.block.Block.addDestroyEffects
[13:28:43] [Client thread/INFO]: [OptiFine] (Reflector) Method not present: net.minecraft.block.Block.addHitEffects
[13:28:43] [Client thread/INFO]: [OptiFine] (Reflector) Method not present: net.minecraft.block.Block.canCreatureSpawn
[13:28:43] [Client thread/INFO]: [OptiFine] (Reflector) Method not present: net.minecraft.block.Block.canRenderInLayer
[13:28:43] [Client thread/INFO]: [OptiFine] (Reflector) Method not present: net.minecraft.block.Block.doesSideBlockRendering
[13:28:43] [Client thread/INFO]: [OptiFine] (Reflector) Method not present: net.minecraft.block.Block.getBedDirection
[13:28:43] [Client thread/INFO]: [OptiFine] (Reflector) Method not present: net.minecraft.block.Block.getExtendedState
[13:28:43] [Client thread/INFO]: [OptiFine] (Reflector) Method not present: net.minecraft.block.Block.getFogColor
[13:28:43] [Client thread/INFO]: [OptiFine] (Reflector) Method not present: net.minecraft.block.Block.getLightOpacity
[13:28:43] [Client thread/INFO]: [OptiFine] (Reflector) Method not present: net.minecraft.block.Block.getLightValue
[13:28:43] [Client thread/INFO]: [OptiFine] (Reflector) Method not present: net.minecraft.block.Block.getSoundType
[13:28:43] [Client thread/INFO]: [OptiFine] (Reflector) Method not present: net.minecraft.block.Block.hasTileEntity
[13:28:43] [Client thread/INFO]: [OptiFine] (Reflector) Method not present: net.minecraft.block.Block.isAir
[13:28:43] [Client thread/INFO]: [OptiFine] (Reflector) Method not present: net.minecraft.block.Block.isBed
[13:28:43] [Client thread/INFO]: [OptiFine] (Reflector) Method not present: net.minecraft.block.Block.isBedFoot
[13:28:43] [Client thread/INFO]: [OptiFine] (Reflector) Method not present: net.minecraft.block.Block.isSideSolid
[13:28:43] [Client thread/INFO]: [OptiFine] (Reflector) Method not present: net.minecraft.block.state.IBlockProperties.getLightValue
[13:28:43] [Client thread/INFO]: [OptiFine] (Reflector) Method not present: net.minecraft.world.ChunkCache.isSideSolid
[13:28:43] [Client thread/INFO]: [OptiFine] (Reflector) Method not present: net.minecraft.entity.Entity.canRiderInteract
[13:28:43] [Client thread/INFO]: [OptiFine] (Reflector) Field not present: net.minecraft.entity.Entity.captureDrops
[13:28:43] [Client thread/INFO]: [OptiFine] (Reflector) Field not present: net.minecraft.entity.Entity.capturedDrops
[13:28:43] [Client thread/INFO]: [OptiFine] (Reflector) Method not present: net.minecraft.entity.Entity.shouldRenderInPass
[13:28:43] [Client thread/INFO]: [OptiFine] (Reflector) Method not present: net.minecraft.entity.Entity.shouldRiderSit
[13:28:43] [Client thread/INFO]: [OptiFine] (Reflector) Class not present: net.minecraftforge.event.ForgeEventFactory
[13:28:43] [Client thread/INFO]: [OptiFine] (Reflector) Class not present: net.minecraftforge.common.ForgeHooks
[13:28:43] [Client thread/INFO]: [OptiFine] (Reflector) Class not present: net.minecraftforge.client.ForgeHooksClient
[13:28:43] [Client thread/INFO]: [OptiFine] (Reflector) Field not present: net.minecraft.item.Item.delegate
[13:28:43] [Client thread/INFO]: [OptiFine] (Reflector) Method not present: net.minecraft.item.Item.getDurabilityForDisplay
[13:28:43] [Client thread/INFO]: [OptiFine] (Reflector) Method not present: net.minecraft.item.Item.getRGBDurabilityForDisplay
[13:28:43] [Client thread/INFO]: [OptiFine] (Reflector) Method not present: net.minecraft.item.Item.isShield
[13:28:43] [Client thread/INFO]: [OptiFine] (Reflector) Method not present: net.minecraft.item.Item.onEntitySwing
[13:28:43] [Client thread/INFO]: [OptiFine] (Reflector) Method not present: net.minecraft.item.Item.shouldCauseReequipAnimation
[13:28:43] [Client thread/INFO]: [OptiFine] (Reflector) Method not present: net.minecraft.item.Item.showDurabilityBar
[13:28:43] [Client thread/INFO]: [OptiFine] (Reflector) Method not present: net.minecraft.client.renderer.block.model.ItemOverrideList.handleItemState
[13:28:43] [Client thread/INFO]: [OptiFine] (Reflector) Method not present: net.minecraft.item.ItemArmor.hasOverlay
[13:28:43] [Client thread/INFO]: [OptiFine] (Reflector) Method not present: net.minecraft.client.settings.KeyBinding.setKeyConflictContext
[13:28:43] [Client thread/INFO]: [OptiFine] (Reflector) Method not present: net.minecraft.client.settings.KeyBinding.setKeyModifierAndCode
[13:28:43] [Client thread/INFO]: [OptiFine] (Reflector) Method not present: net.minecraft.client.settings.KeyBinding.getKeyModifier
[13:28:43] [Client thread/INFO]: [OptiFine] (Reflector) Class not present: net.minecraftforge.common.ForgeModContainer
[13:28:43] [Client thread/INFO]: [OptiFine] (Reflector) Method not present: net.minecraft.client.renderer.block.model.ModelBlockDefinition.parseFromReader
[13:28:43] [Client thread/INFO]: [OptiFine] (Reflector) Method not present: net.minecraft.potion.Potion.shouldRenderHUD
[13:28:43] [Client thread/INFO]: [OptiFine] (Reflector) Method not present: net.minecraft.potion.Potion.renderHUDEffect
[13:28:43] [Client thread/INFO]: [OptiFine] (Reflector) Method not present: net.minecraft.potion.PotionEffect.isCurativeItem
[13:28:43] [Client thread/INFO]: [OptiFine] (Reflector) Method not present: net.minecraft.tileentity.TileEntity.canRenderBreaking
[13:28:43] [Client thread/INFO]: [OptiFine] (Reflector) Method not present: net.minecraft.tileentity.TileEntity.getRenderBoundingBox
[13:28:43] [Client thread/INFO]: [OptiFine] (Reflector) Method not present: net.minecraft.tileentity.TileEntity.hasFastRenderer
[13:28:43] [Client thread/INFO]: [OptiFine] (Reflector) Method not present: net.minecraft.tileentity.TileEntity.shouldRenderInPass
[13:28:43] [Client thread/INFO]: [OptiFine] (Reflector) Method not present: net.minecraft.client.renderer.vertex.VertexFormatElement$EnumUsage.preDraw
[13:28:43] [Client thread/INFO]: [OptiFine] (Reflector) Method not present: net.minecraft.client.renderer.vertex.VertexFormatElement$EnumUsage.postDraw
[13:28:43] [Client thread/INFO]: [OptiFine] (Reflector) Method not present: net.minecraft.world.World.countEntities
[13:28:43] [Client thread/INFO]: [OptiFine] (Reflector) Method not present: net.minecraft.world.World.getPerWorldStorage
[13:28:43] [Client thread/INFO]: [OptiFine] (Reflector) Method not present: net.minecraft.world.World.initCapabilities
[13:28:43] [Client thread/INFO]: [OptiFine] (Reflector) Method not present: net.minecraft.world.WorldProvider.getCloudRenderer
[13:28:43] [Client thread/INFO]: [OptiFine] (Reflector) Method not present: net.minecraft.world.WorldProvider.getSkyRenderer
[13:28:43] [Client thread/INFO]: [OptiFine] (Reflector) Method not present: net.minecraft.world.WorldProvider.getWeatherRenderer
[13:28:43] [Client thread/INFO]: [OptiFine] (Reflector) Method not present: net.minecraft.world.WorldProvider.getLightmapColors
[13:28:43] [Client thread/INFO]: [OptiFine] (Reflector) Class not present: net.minecraftforge.fml.client.GuiModList
[13:28:43] [Client thread/INFO]: [OptiFine] (Reflector) Class not present: net.minecraftforge.common.property.IExtendedBlockState
[13:28:43] [Client thread/INFO]: [OptiFine] (Reflector) Class not present: net.minecraftforge.client.model.IModel
[13:28:43] [Client thread/INFO]: [OptiFine] (Reflector) Class not present: net.minecraftforge.client.IRenderHandler
[13:28:43] [Client thread/INFO]: [OptiFine] (Reflector) Class not present: net.minecraftforge.client.ItemModelMesherForge
[13:28:43] [Client thread/INFO]: [OptiFine] (Reflector) Class not present: net.minecraftforge.client.settings.KeyConflictContext
[13:28:43] [Client thread/INFO]: [OptiFine] (Reflector) Class not present: net.minecraftforge.client.settings.KeyModifier
[13:28:43] [Client thread/INFO]: [OptiFine] (Reflector) Class not present: net.minecraft.launchwrapper.Launch
[13:28:43] [Client thread/INFO]: [OptiFine] (Reflector) Class not present: net.minecraftforge.client.model.pipeline.LightUtil
[13:28:43] [Client thread/INFO]: [OptiFine] (Reflector) Class not present: net.minecraftforge.common.MinecraftForge
[13:28:43] [Client thread/INFO]: [OptiFine] (Reflector) Class not present: net.minecraftforge.client.MinecraftForgeClient
[13:28:43] [Client thread/INFO]: [OptiFine] (Reflector) Class not present: net.minecraftforge.client.model.ModelLoader
[13:28:43] [Client thread/INFO]: [OptiFine] (Reflector) Class not present: net.minecraftforge.client.gui.NotificationModUpdateScreen
[13:28:43] [Client thread/INFO]: [OptiFine] (Reflector) Class not present: net.minecraftforge.client.event.RenderBlockOverlayEvent$OverlayType
[13:28:43] [Client thread/INFO]: [OptiFine] (Reflector) Class not present: net.minecraftforge.fml.client.registry.RenderingRegistry
[13:28:43] [Client thread/INFO]: [OptiFine] (Reflector) Class not present: net.minecraftforge.client.event.RenderItemInFrameEvent
[13:28:43] [Client thread/INFO]: [OptiFine] (Reflector) Class not present: net.minecraftforge.client.event.RenderLivingEvent$Pre
[13:28:43] [Client thread/INFO]: [OptiFine] (Reflector) Class not present: net.minecraftforge.client.event.RenderLivingEvent$Post
[13:28:43] [Client thread/INFO]: [OptiFine] (Reflector) Class not present: net.minecraftforge.client.event.RenderLivingEvent$Specials$Pre
[13:28:43] [Client thread/INFO]: [OptiFine] (Reflector) Class not present: net.minecraftforge.client.event.RenderLivingEvent$Specials$Post
[13:28:43] [Client thread/INFO]: [OptiFine] (Reflector) Class not present: net.minecraftforge.client.event.ScreenshotEvent
[13:28:43] [Client thread/INFO]: [OptiFine] (Reflector) Class not present: net.minecraftforge.fml.client.SplashProgress
[13:28:43] [Client thread/INFO]: [OptiFine] (Reflector) Class not present: net.minecraftforge.event.world.WorldEvent$Load
[13:28:43] [Client thread/INFO]: [OptiFine] *** Reflector Vanilla ***
[13:28:43] [Client thread/INFO]: [OptiFine] (Reflector) Class not present: optifine.OptiFineClassTransformer
[13:28:43] [Client thread/WARN]: Skipping bad option: lastServer:
[13:28:43] [Client thread/INFO]: LWJGL Version: 2.9.4
[13:28:43] [Client thread/INFO]: [OptiFine] 
[13:28:43] [Client thread/INFO]: [OptiFine] OptiFine_1.12.2_HD_U_C6
[13:28:43] [Client thread/INFO]: [OptiFine] Build: null
[13:28:43] [Client thread/INFO]: [OptiFine] OS: Windows 10 (amd64) version 10.0
[13:28:43] [Client thread/INFO]: [OptiFine] Java: 17.0.5, Eclipse Adoptium
[13:28:43] [Client thread/INFO]: [OptiFine] VM: OpenJDK 64-Bit Server VM (mixed mode), Eclipse Adoptium
[13:28:43] [Client thread/INFO]: [OptiFine] LWJGL: 2.9.4
[13:28:43] [Client thread/INFO]: [OptiFine] OpenGL: NVIDIA GeForce GTX 1660 SUPER/PCIe/SSE2, version 4.6.0 NVIDIA 528.02, NVIDIA Corporation
[13:28:43] [Client thread/INFO]: [OptiFine] OpenGL Version: 4.6.0
[13:28:43] [Client thread/INFO]: [OptiFine] Maximum texture size: 32768x32768
[13:28:43] [Thread-2/INFO]: [OptiFine] Checking for new version
[13:28:43] [Client thread/INFO]: [Shaders] ShadersMod version: 2.4.12
[13:28:43] [Client thread/INFO]: [Shaders] OpenGL Version: 4.6.0 NVIDIA 528.02
[13:28:43] [Client thread/INFO]: [Shaders] Vendor:  NVIDIA Corporation
[13:28:43] [Client thread/INFO]: [Shaders] Renderer: NVIDIA GeForce GTX 1660 SUPER/PCIe/SSE2
[13:28:43] [Client thread/INFO]: [Shaders] Capabilities:  2.0  2.1  3.0  3.2  4.0 
[13:28:43] [Client thread/INFO]: [Shaders] GL_MAX_DRAW_BUFFERS: 8
[13:28:43] [Client thread/INFO]: [Shaders] GL_MAX_COLOR_ATTACHMENTS_EXT: 8
[13:28:43] [Client thread/INFO]: [Shaders] GL_MAX_TEXTURE_IMAGE_UNITS: 32
[13:28:43] [Client thread/INFO]: [Shaders] Load ShadersMod configuration.
[13:28:43] [Client thread/INFO]: [Shaders] Save ShadersMod configuration.
[13:28:43] [Client thread/INFO]: [Shaders] No shaderpack loaded.
[13:28:43] [Client thread/INFO]: Reloading ResourceManager: Default
[13:28:43] [Client thread/INFO]: [OptiFine] *** Reloading textures ***
[13:28:43] [Client thread/INFO]: [OptiFine] Resource packs: Default
[13:28:43] [Thread-2/INFO]: [OptiFine] Version found: G5
[13:28:44] [Sound Library Loader/INFO]: Starting up SoundSystem...
[13:28:44] [Thread-3/INFO]: Initializing LWJGL OpenAL
[13:28:44] [Thread-3/INFO]: (The LWJGL binding of OpenAL.  For more information, see http://www.lwjgl.org)
[13:28:44] [Thread-3/INFO]: OpenAL initialized.
[13:28:44] [Sound Library Loader/INFO]: Sound engine started
[13:28:45] [Client thread/INFO]: [OptiFine] Mipmap levels: 4
[13:28:45] [Client thread/INFO]: [OptiFine] Multitexture: false
[13:28:45] [Client thread/INFO]: [OptiFine] ConnectedTextures: mcpatcher/ctm/default/0_glass_white/glass_pane_white.properties
[13:28:45] [Client thread/INFO]: [OptiFine] ConnectedTextures: mcpatcher/ctm/default/0_glass_white/glass_white.properties
[13:28:45] [Client thread/INFO]: [OptiFine] ConnectedTextures: mcpatcher/ctm/default/10_glass_purple/glass_pane_purple.properties
[13:28:45] [Client thread/INFO]: [OptiFine] ConnectedTextures: mcpatcher/ctm/default/10_glass_purple/glass_purple.properties
[13:28:45] [Client thread/INFO]: [OptiFine] ConnectedTextures: mcpatcher/ctm/default/11_glass_blue/glass_blue.properties
[13:28:45] [Client thread/INFO]: [OptiFine] ConnectedTextures: mcpatcher/ctm/default/11_glass_blue/glass_pane_blue.properties
[13:28:45] [Client thread/INFO]: [OptiFine] ConnectedTextures: mcpatcher/ctm/default/12_glass_brown/glass_brown.properties
[13:28:45] [Client thread/INFO]: [OptiFine] ConnectedTextures: mcpatcher/ctm/default/12_glass_brown/glass_pane_brown.properties
[13:28:45] [Client thread/INFO]: [OptiFine] ConnectedTextures: mcpatcher/ctm/default/13_glass_green/glass_green.properties
[13:28:45] [Client thread/INFO]: [OptiFine] ConnectedTextures: mcpatcher/ctm/default/13_glass_green/glass_pane_green.properties
[13:28:45] [Client thread/INFO]: [OptiFine] ConnectedTextures: mcpatcher/ctm/default/14_glass_red/glass_pane_red.properties
[13:28:45] [Client thread/INFO]: [OptiFine] ConnectedTextures: mcpatcher/ctm/default/14_glass_red/glass_red.properties
[13:28:45] [Client thread/INFO]: [OptiFine] ConnectedTextures: mcpatcher/ctm/default/15_glass_black/glass_black.properties
[13:28:45] [Client thread/INFO]: [OptiFine] ConnectedTextures: mcpatcher/ctm/default/15_glass_black/glass_pane_black.properties
[13:28:45] [Client thread/INFO]: [OptiFine] ConnectedTextures: mcpatcher/ctm/default/1_glass_orange/glass_orange.properties
[13:28:45] [Client thread/INFO]: [OptiFine] ConnectedTextures: mcpatcher/ctm/default/1_glass_orange/glass_pane_orange.properties
[13:28:45] [Client thread/INFO]: [OptiFine] ConnectedTextures: mcpatcher/ctm/default/2_glass_magenta/glass_magenta.properties
[13:28:45] [Client thread/INFO]: [OptiFine] ConnectedTextures: mcpatcher/ctm/default/2_glass_magenta/glass_pane_magenta.properties
[13:28:45] [Client thread/INFO]: [OptiFine] ConnectedTextures: mcpatcher/ctm/default/3_glass_light_blue/glass_light_blue.properties
[13:28:45] [Client thread/INFO]: [OptiFine] ConnectedTextures: mcpatcher/ctm/default/3_glass_light_blue/glass_pane_light_blue.properties
[13:28:45] [Client thread/INFO]: [OptiFine] ConnectedTextures: mcpatcher/ctm/default/4_glass_yellow/glass_pane_yellow.properties
[13:28:45] [Client thread/INFO]: [OptiFine] ConnectedTextures: mcpatcher/ctm/default/4_glass_yellow/glass_yellow.properties
[13:28:45] [Client thread/INFO]: [OptiFine] ConnectedTextures: mcpatcher/ctm/default/5_glass_lime/glass_lime.properties
[13:28:45] [Client thread/INFO]: [OptiFine] ConnectedTextures: mcpatcher/ctm/default/5_glass_lime/glass_pane_lime.properties
[13:28:45] [Client thread/INFO]: [OptiFine] ConnectedTextures: mcpatcher/ctm/default/6_glass_pink/glass_pane_pink.properties
[13:28:45] [Client thread/INFO]: [OptiFine] ConnectedTextures: mcpatcher/ctm/default/6_glass_pink/glass_pink.properties
[13:28:45] [Client thread/INFO]: [OptiFine] ConnectedTextures: mcpatcher/ctm/default/7_glass_gray/glass_gray.properties
[13:28:45] [Client thread/INFO]: [OptiFine] ConnectedTextures: mcpatcher/ctm/default/7_glass_gray/glass_pane_gray.properties
[13:28:45] [Client thread/INFO]: [OptiFine] ConnectedTextures: mcpatcher/ctm/default/8_glass_silver/glass_pane_silver.properties
[13:28:45] [Client thread/INFO]: [OptiFine] ConnectedTextures: mcpatcher/ctm/default/8_glass_silver/glass_silver.properties
[13:28:45] [Client thread/INFO]: [OptiFine] ConnectedTextures: mcpatcher/ctm/default/9_glass_cyan/glass_cyan.properties
[13:28:45] [Client thread/INFO]: [OptiFine] ConnectedTextures: mcpatcher/ctm/default/9_glass_cyan/glass_pane_cyan.properties
[13:28:45] [Client thread/INFO]: [OptiFine] ConnectedTextures: mcpatcher/ctm/default/bookshelf.properties
[13:28:45] [Client thread/INFO]: [OptiFine] ConnectedTextures: mcpatcher/ctm/default/glass.properties
[13:28:45] [Client thread/INFO]: [OptiFine] ConnectedTextures: mcpatcher/ctm/default/glasspane.properties
[13:28:45] [Client thread/INFO]: [OptiFine] ConnectedTextures: mcpatcher/ctm/default/sandstone.properties
[13:28:45] [Client thread/INFO]: [OptiFine] Multipass connected textures: false
[13:28:45] [Client thread/INFO]: [OptiFine] BetterGrass: Parsing default configuration optifine/bettergrass.properties
[13:28:47] [Client thread/INFO]: Created: 1024x512 textures-atlas
[13:28:48] [Client thread/INFO]: Narrator library for x64 successfully loaded
[13:28:48] [Client thread/INFO]: [STDOUT]: Starting Mint Client v0.1a
[13:28:48] [Client thread/INFO]: [OptiFine] *** Reloading custom textures ***
[13:28:48] [Realms Notification Availability checker #1/INFO]: Could not authorize you against Realms server: Invalid session id
[13:28:52] [Server thread/INFO]: Starting integrated minecraft server version 1.12.2
[13:28:52] [Server thread/INFO]: Generating keypair
[13:28:52] [Server thread/INFO]: Loaded 488 advancements
[13:28:52] [Server thread/INFO]: Preparing start region for level 0
[13:28:53] [Server thread/INFO]: Changing view distance to 8, from 10
[13:28:53] [Server thread/INFO]: Player796[local:E:528f75e5] logged in with entity id 160 at (529.2609780418074, 70.0, 305.64949558021)
[13:28:53] [Server thread/INFO]: Player796 joined the game
[13:28:54] [Server thread/INFO]: Saving and pausing game...
[13:28:54] [Server thread/INFO]: Saving chunks for level 'mcpworld'/overworld
[13:28:54] [Client thread/INFO]: [CHAT] A new §eOptiFine§f version is available: §eHD Ultra G5§f
[13:28:54] [Server thread/INFO]: Saving chunks for level 'mcpworld'/the_nether
[13:28:54] [Server thread/INFO]: Saving chunks for level 'mcpworld'/the_end
[13:29:00] [Server thread/INFO]: Saving and pausing game...
[13:29:00] [Server thread/INFO]: Saving chunks for level 'mcpworld'/overworld
[13:29:00] [Server thread/INFO]: Saving chunks for level 'mcpworld'/the_nether
[13:29:00] [Server thread/INFO]: Saving chunks for level 'mcpworld'/the_end
[13:29:02] [Server thread/INFO]: Saving and pausing game...
[13:29:02] [Server thread/INFO]: Saving chunks for level 'mcpworld'/overworld
[13:29:02] [Server thread/INFO]: Saving chunks for level 'mcpworld'/the_nether
[13:29:02] [Server thread/INFO]: Saving chunks for level 'mcpworld'/the_end
[13:29:06] [Client thread/INFO]: [STDOUT]: Sprint module enabled!
[13:29:08] [Client thread/INFO]: [STDOUT]: Fly module enabled!
[13:29:09] [Client thread/INFO]: [STDOUT]: Fullbright module enabled!
[13:29:10] [Client thread/INFO]: [STDOUT]: Fullbright module disabled!
[13:29:10] [Server thread/INFO]: Saving and pausing game...
[13:29:10] [Server thread/INFO]: Saving chunks for level 'mcpworld'/overworld
[13:29:10] [Server thread/INFO]: Saving chunks for level 'mcpworld'/the_nether
[13:29:10] [Server thread/INFO]: Saving chunks for level 'mcpworld'/the_end
[13:29:14] [Client thread/INFO]: [STDOUT]: Fly module disabled!
[13:29:18] [Client thread/INFO]: [STDOUT]: Fly module enabled!
[13:29:20] [Client thread/INFO]: [STDOUT]: Fly module disabled!
[13:29:22] [Client thread/INFO]: [STDOUT]: Fly module enabled!
[13:29:25] [Client thread/INFO]: [STDOUT]: Fly module disabled!
[13:29:28] [Server thread/INFO]: Saving and pausing game...
[13:29:28] [Server thread/INFO]: Saving chunks for level 'mcpworld'/overworld
[13:29:28] [Server thread/INFO]: Saving chunks for level 'mcpworld'/the_nether
[13:29:28] [Server thread/INFO]: Saving chunks for level 'mcpworld'/the_end
[13:29:34] [Client thread/INFO]: Stopping!
[13:29:34] [Client thread/INFO]: SoundSystem shutting down...
[13:29:34] [Server thread/INFO]: Stopping server
[13:29:34] [Server thread/INFO]: Saving players
[13:29:34] [Server thread/INFO]: Player796 lost connection: Disconnected
[13:29:34] [Server thread/INFO]: Player796 left the game
[13:29:34] [Server thread/INFO]: Stopping singleplayer server as player logged out
[13:29:34] [Server thread/INFO]: Saving worlds
[13:29:34] [Server thread/INFO]: Saving chunks for level 'mcpworld'/overworld
[13:29:34] [Server thread/INFO]: Saving chunks for level 'mcpworld'/the_nether
[13:29:34] [Server thread/INFO]: Saving chunks for level 'mcpworld'/the_end
[13:29:34] [Client thread/WARN]: Author: Paul Lamb, www.paulscode.com
